{"/Users/liqinglong/gits/cake/quizzes/quiz1/answers/longyiyiyu/tmp/main.js":{"path":"/Users/liqinglong/gits/cake/quizzes/quiz1/answers/longyiyiyu/tmp/main.js","s":{"1":1,"2":1,"3":1,"4":1,"5":1},"b":{},"f":{},"fnMap":{},"statementMap":{"1":{"start":{"line":1,"column":0},"end":{"line":1,"column":46}},"2":{"start":{"line":2,"column":0},"end":{"line":2,"column":43}},"3":{"start":{"line":4,"column":0},"end":{"line":4,"column":12}},"4":{"start":{"line":7,"column":0},"end":{"line":7,"column":55}},"5":{"start":{"line":8,"column":0},"end":{"line":8,"column":12}}},"branchMap":{}},"/Users/liqinglong/gits/cake/quizzes/quiz1/answers/longyiyiyu/tmp/q/advance1/cake.js":{"path":"/Users/liqinglong/gits/cake/quizzes/quiz1/answers/longyiyiyu/tmp/q/advance1/cake.js","s":{"1":1,"2":1,"3":1,"4":1,"5":1,"6":1,"7":1,"8":1,"9":1,"10":1,"11":1,"12":1,"13":1,"14":1},"b":{},"f":{"1":1},"fnMap":{"1":{"name":"test","line":7,"loc":{"start":{"line":7,"column":0},"end":{"line":7,"column":22}}}},"statementMap":{"1":{"start":{"line":3,"column":0},"end":{"line":3,"column":36}},"2":{"start":{"line":5,"column":0},"end":{"line":5,"column":28}},"3":{"start":{"line":7,"column":0},"end":{"line":28,"column":1}},"4":{"start":{"line":9,"column":2},"end":{"line":9,"column":26}},"5":{"start":{"line":11,"column":2},"end":{"line":27,"column":5}},"6":{"start":{"line":12,"column":4},"end":{"line":12,"column":15}},"7":{"start":{"line":14,"column":4},"end":{"line":16,"column":7}},"8":{"start":{"line":15,"column":6},"end":{"line":15,"column":28}},"9":{"start":{"line":18,"column":4},"end":{"line":26,"column":7}},"10":{"start":{"line":19,"column":6},"end":{"line":21,"column":9}},"11":{"start":{"line":20,"column":8},"end":{"line":20,"column":82}},"12":{"start":{"line":23,"column":6},"end":{"line":25,"column":9}},"13":{"start":{"line":24,"column":8},"end":{"line":24,"column":89}},"14":{"start":{"line":30,"column":0},"end":{"line":32,"column":2}}},"branchMap":{}},"/Users/liqinglong/gits/cake/quizzes/quiz1/answers/longyiyiyu/tmp/q/base/cake.js":{"path":"/Users/liqinglong/gits/cake/quizzes/quiz1/answers/longyiyiyu/tmp/q/base/cake.js","s":{"1":1,"2":1,"3":1,"4":1,"5":1,"6":1,"7":1,"8":1,"9":1,"10":1},"b":{},"f":{"1":1},"fnMap":{"1":{"name":"test","line":5,"loc":{"start":{"line":5,"column":0},"end":{"line":5,"column":22}}}},"statementMap":{"1":{"start":{"line":3,"column":0},"end":{"line":3,"column":28}},"2":{"start":{"line":5,"column":0},"end":{"line":19,"column":1}},"3":{"start":{"line":6,"column":2},"end":{"line":18,"column":5}},"4":{"start":{"line":7,"column":4},"end":{"line":7,"column":15}},"5":{"start":{"line":9,"column":4},"end":{"line":11,"column":7}},"6":{"start":{"line":10,"column":6},"end":{"line":10,"column":28}},"7":{"start":{"line":13,"column":4},"end":{"line":17,"column":7}},"8":{"start":{"line":14,"column":6},"end":{"line":16,"column":9}},"9":{"start":{"line":15,"column":8},"end":{"line":15,"column":69}},"10":{"start":{"line":21,"column":0},"end":{"line":23,"column":2}}},"branchMap":{}},"/Users/liqinglong/gits/cake/quizzes/quiz1/answers/longyiyiyu/tmp/a/advance1/ans.js":{"path":"/Users/liqinglong/gits/cake/quizzes/quiz1/answers/longyiyiyu/tmp/a/advance1/ans.js","s":{"1":1,"2":1,"3":4,"4":1},"b":{"1":[4,1]},"f":{"1":4},"fnMap":{"1":{"name":"(anonymous_1)","line":12,"loc":{"start":{"line":12,"column":6},"end":{"line":12,"column":12}}}},"statementMap":{"1":{"start":{"line":3,"column":0},"end":{"line":7,"column":2}},"2":{"start":{"line":9,"column":0},"end":{"line":9,"column":55}},"3":{"start":{"line":13,"column":4},"end":{"line":13,"column":34}},"4":{"start":{"line":17,"column":0},"end":{"line":19,"column":2}}},"branchMap":{"1":{"line":13,"type":"binary-expr","locations":[{"start":{"line":13,"column":11},"end":{"line":13,"column":19}},{"start":{"line":13,"column":23},"end":{"line":13,"column":33}}]}}},"/Users/liqinglong/gits/cake/quizzes/quiz1/answers/longyiyiyu/tmp/a/advance1/test.js":{"path":"/Users/liqinglong/gits/cake/quizzes/quiz1/answers/longyiyiyu/tmp/a/advance1/test.js","s":{"1":1,"2":1,"3":1,"4":1,"5":1,"6":1,"7":1,"8":1,"9":1,"10":1,"11":1,"12":1,"13":1,"14":1},"b":{},"f":{"1":1},"fnMap":{"1":{"name":"test","line":16,"loc":{"start":{"line":16,"column":0},"end":{"line":16,"column":16}}}},"statementMap":{"1":{"start":{"line":3,"column":0},"end":{"line":5,"column":3}},"2":{"start":{"line":6,"column":0},"end":{"line":6,"column":23}},"3":{"start":{"line":8,"column":0},"end":{"line":8,"column":28}},"4":{"start":{"line":10,"column":0},"end":{"line":10,"column":28}},"5":{"start":{"line":12,"column":0},"end":{"line":12,"column":37}},"6":{"start":{"line":14,"column":0},"end":{"line":14,"column":26}},"7":{"start":{"line":16,"column":0},"end":{"line":30,"column":1}},"8":{"start":{"line":17,"column":2},"end":{"line":29,"column":5}},"9":{"start":{"line":18,"column":4},"end":{"line":18,"column":15}},"10":{"start":{"line":20,"column":4},"end":{"line":22,"column":7}},"11":{"start":{"line":21,"column":6},"end":{"line":21,"column":28}},"12":{"start":{"line":24,"column":4},"end":{"line":28,"column":7}},"13":{"start":{"line":25,"column":6},"end":{"line":27,"column":9}},"14":{"start":{"line":26,"column":8},"end":{"line":26,"column":101}}},"branchMap":{}}}