TN:
SF:/Users/liqinglong/gits/cake/quizzes/quiz1/answers/longyiyiyu/tmp/main.js
FNF:0
FNH:0
DA:1,1
DA:2,1
DA:4,1
DA:7,1
DA:8,1
LF:5
LH:5
BRF:0
BRH:0
end_of_record
TN:
SF:/Users/liqinglong/gits/cake/quizzes/quiz1/answers/longyiyiyu/tmp/q/advance1/cake.js
FN:7,test
FNF:1
FNH:1
FNDA:1,test
DA:3,1
DA:5,1
DA:7,1
DA:9,1
DA:11,1
DA:12,1
DA:14,1
DA:15,1
DA:18,1
DA:19,1
DA:20,1
DA:23,1
DA:24,1
DA:30,1
LF:14
LH:14
BRF:0
BRH:0
end_of_record
TN:
SF:/Users/liqinglong/gits/cake/quizzes/quiz1/answers/longyiyiyu/tmp/q/base/cake.js
FN:5,test
FNF:1
FNH:1
FNDA:1,test
DA:3,1
DA:5,1
DA:6,1
DA:7,1
DA:9,1
DA:10,1
DA:13,1
DA:14,1
DA:15,1
DA:21,1
LF:10
LH:10
BRF:0
BRH:0
end_of_record
TN:
SF:/Users/liqinglong/gits/cake/quizzes/quiz1/answers/longyiyiyu/tmp/a/advance1/ans.js
FN:12,(anonymous_1)
FNF:1
FNH:1
FNDA:4,(anonymous_1)
DA:3,1
DA:9,1
DA:13,4
DA:17,1
LF:4
LH:4
BRDA:13,1,0,4
BRDA:13,1,1,1
BRF:2
BRH:2
end_of_record
TN:
SF:/Users/liqinglong/gits/cake/quizzes/quiz1/answers/longyiyiyu/tmp/a/advance1/test.js
FN:16,test
FNF:1
FNH:1
FNDA:1,test
DA:3,1
DA:6,1
DA:8,1
DA:10,1
DA:12,1
DA:14,1
DA:16,1
DA:17,1
DA:18,1
DA:20,1
DA:21,1
DA:24,1
DA:25,1
DA:26,1
LF:14
LH:14
BRF:0
BRH:0
end_of_record
